Updated (21):
  - true.html
  - test.html
  - fwd.html
  - exc.html
  - pcb.html
  - pt.html
  - ocd.html
  - devs.html
  - 12.html
  - 13.html
  - lj.html
  - 14.html
  - gd.html
  - about.html
  - aboutmore/tk.html
  - aboutmore/sc.html
  - aboutmore/wx.html
  - aboutmore/czjs.html
  - aboutmore/jg.html
  - aboutmore/sryj.html
  - aboutmore/gc.html

Unchanged (22):
  - index.html
  - in.html
  - history.html
  - gmp.html
  - hg.html
  - py.html
  - aboutmore/fw.html
  - aboutmore/itg.html
  - aboutmore/forme.html
  - aboutmore/pg.html
  - aboutmore/m.html
  - aboutmore/cc.html
  - aboutmore/ll.html
  - aboutmore/ta.html
  - aboutmore/czy.html
  - aboutmore/qp-chat.html
  - aboutmore/gary.html
  - aboutmore/alone.html
  - aboutmore/mywj.html
  - aboutmore/party-high.html
  - aboutmore/jsxm.html
  - aboutmore/fr.html

Total: 43 files processed.